app/modules/expense-sms-reader/android/build/intermediates/manifest_merge_blame_file/debug/processDebugManifest/manifest-merger-blame-debug-report.txt
1<?xml version="1.0" encoding="utf-8"?>
2<manifest xmlns:android="http://schemas.android.com/apk/res/android"
3    package="expo.modules.expensesmsreader" >
4
5    <uses-sdk android:minSdkVersion="24" />
6
7    <application>
7-->src/main/AndroidManifest.xml:2:3-11:17
8        <receiver
8-->src/main/AndroidManifest.xml:3:5-10:16
9            android:name="expo.modules.expensesmsreader.SmsPersistReceiver"
9-->src/main/AndroidManifest.xml:4:7-70
10            android:exported="true"
10-->src/main/AndroidManifest.xml:5:7-30
11            android:permission="android.permission.BROADCAST_SMS" >
11-->src/main/AndroidManifest.xml:6:7-60
12            <intent-filter>
12-->src/main/AndroidManifest.xml:7:7-9:23
13                <action android:name="android.provider.Telephony.SMS_RECEIVED" />
13-->src/main/AndroidManifest.xml:8:9-74
13-->src/main/AndroidManifest.xml:8:17-71
14            </intent-filter>
15        </receiver>
16    </application>
17
18</manifest>